# JRE version: OpenJDK Runtime Environment (7.0_121) (build 1.7.0_121-b00)
# Java VM: OpenJDK 64-Bit Server VM (24.121-b00 mixed mode linux-amd64 compressed oops)
Heap
 PSYoungGen      total 223744K, used 128K [0x00000000eea80000, 0x00000000fc780000, 0x0000000100000000)
  eden space 221184K, 0% used [0x00000000eea80000,0x00000000eea80000,0x00000000fc280000)
  from space 2560K, 5% used [0x00000000fc280000,0x00000000fc2a0000,0x00000000fc500000)
  to   space 2560K, 0% used [0x00000000fc500000,0x00000000fc500000,0x00000000fc780000)
 ParOldGen       total 35328K, used 1374K [0x00000000cc000000, 0x00000000ce280000, 0x00000000eea80000)
  object space 35328K, 3% used [0x00000000cc000000,0x00000000cc157b70,0x00000000ce280000)
 PSPermGen       total 21504K, used 7292K [0x00000000c1a00000, 0x00000000c2f00000, 0x00000000cc000000)
  object space 21504K, 33% used [0x00000000c1a00000,0x00000000c211f358,0x00000000c2f00000)
GC Heap History (10 events):
Event: 2,512 GC heap after
Heap after GC invocations=4 (full 0):
 PSYoungGen      total 57344K, used 1360K [0x00000000eea80000, 0x00000000f2480000, 0x0000000100000000)
  eden space 55296K, 0% used [0x00000000eea80000,0x00000000eea80000,0x00000000f2080000)
  from space 2048K, 66% used [0x00000000f2280000,0x00000000f23d4040,0x00000000f2480000)
  to   space 2048K, 0% used [0x00000000f2080000,0x00000000f2080000,0x00000000f2280000)
 ParOldGen       total 35328K, used 81K [0x00000000cc000000, 0x00000000ce280000, 0x00000000eea80000)
  object space 35328K, 0% used [0x00000000cc000000,0x00000000cc0144c0,0x00000000ce280000)
 PSPermGen       total 21504K, used 7272K [0x00000000c1a00000, 0x00000000c2f00000, 0x00000000cc000000)
  object space 21504K, 33% used [0x00000000c1a00000,0x00000000c211a398,0x00000000c2f00000)
}
Event: 2,747 GC heap before
{Heap before GC invocations=5 (full 0):
 PSYoungGen      total 57344K, used 56656K [0x00000000eea80000, 0x00000000f2480000, 0x0000000100000000)
  eden space 55296K, 100% used [0x00000000eea80000,0x00000000f2080000,0x00000000f2080000)
  from space 2048K, 66% used [0x00000000f2280000,0x00000000f23d4040,0x00000000f2480000)
  to   space 2048K, 0% used [0x00000000f2080000,0x00000000f2080000,0x00000000f2280000)
 ParOldGen       total 35328K, used 81K [0x00000000cc000000, 0x00000000ce280000, 0x00000000eea80000)
  object space 35328K, 0% used [0x00000000cc000000,0x00000000cc0144c0,0x00000000ce280000)
 PSPermGen       total 21504K, used 7277K [0x00000000c1a00000, 0x00000000c2f00000, 0x00000000cc000000)
  object space 21504K, 33% used [0x00000000c1a00000,0x00000000c211b418,0x00000000c2f00000)
Event: 2,753 GC heap after
Heap after GC invocations=5 (full 0):
 PSYoungGen      total 57344K, used 1328K [0x00000000eea80000, 0x00000000f5b80000, 0x0000000100000000)
  eden space 55296K, 0% used [0x00000000eea80000,0x00000000eea80000,0x00000000f2080000)
  from space 2048K, 64% used [0x00000000f2080000,0x00000000f21cc020,0x00000000f2280000)
  to   space 2560K, 0% used [0x00000000f5900000,0x00000000f5900000,0x00000000f5b80000)
 ParOldGen       total 35328K, used 89K [0x00000000cc000000, 0x00000000ce280000, 0x00000000eea80000)
  object space 35328K, 0% used [0x00000000cc000000,0x00000000cc0164c0,0x00000000ce280000)
 PSPermGen       total 21504K, used 7277K [0x00000000c1a00000, 0x00000000c2f00000, 0x00000000cc000000)
  object space 21504K, 33% used [0x00000000c1a00000,0x00000000c211b418,0x00000000c2f00000)
}
Event: 2,919 GC heap before
{Heap before GC invocations=6 (full 0):
 PSYoungGen      total 57344K, used 56624K [0x00000000eea80000, 0x00000000f5b80000, 0x0000000100000000)
  eden space 55296K, 100% used [0x00000000eea80000,0x00000000f2080000,0x00000000f2080000)
  from space 2048K, 64% used [0x00000000f2080000,0x00000000f21cc020,0x00000000f2280000)
  to   space 2560K, 0% used [0x00000000f5900000,0x00000000f5900000,0x00000000f5b80000)
 ParOldGen       total 35328K, used 89K [0x00000000cc000000, 0x00000000ce280000, 0x00000000eea80000)
  object space 35328K, 0% used [0x00000000cc000000,0x00000000cc0164c0,0x00000000ce280000)
 PSPermGen       total 21504K, used 7292K [0x00000000c1a00000, 0x00000000c2f00000, 0x00000000cc000000)
  object space 21504K, 33% used [0x00000000c1a00000,0x00000000c211f040,0x00000000c2f00000)
Event: 2,931 GC heap after
Heap after GC invocations=6 (full 0):
 PSYoungGen      total 112128K, used 1328K [0x00000000eea80000, 0x00000000f5a80000, 0x0000000100000000)
  eden space 110592K, 0% used [0x00000000eea80000,0x00000000eea80000,0x00000000f5680000)
  from space 1536K, 86% used [0x00000000f5900000,0x00000000f5a4c040,0x00000000f5a80000)
  to   space 2048K, 0% used [0x00000000f5680000,0x00000000f5680000,0x00000000f5880000)
 ParOldGen       total 35328K, used 89K [0x00000000cc000000, 0x00000000ce280000, 0x00000000eea80000)
  object space 35328K, 0% used [0x00000000cc000000,0x00000000cc0164c0,0x00000000ce280000)
 PSPermGen       total 21504K, used 7292K [0x00000000c1a00000, 0x00000000c2f00000, 0x00000000cc000000)
  object space 21504K, 33% used [0x00000000c1a00000,0x00000000c211f040,0x00000000c2f00000)
}
Event: 3,376 GC heap before
{Heap before GC invocations=7 (full 0):
 PSYoungGen      total 112128K, used 111920K [0x00000000eea80000, 0x00000000f5a80000, 0x0000000100000000)
  eden space 110592K, 100% used [0x00000000eea80000,0x00000000f5680000,0x00000000f5680000)
  from space 1536K, 86% used [0x00000000f5900000,0x00000000f5a4c040,0x00000000f5a80000)
  to   space 2048K, 0% used [0x00000000f5680000,0x00000000f5680000,0x00000000f5880000)
 ParOldGen       total 35328K, used 89K [0x00000000cc000000, 0x00000000ce280000, 0x00000000eea80000)
  object space 35328K, 0% used [0x00000000cc000000,0x00000000cc0164c0,0x00000000ce280000)
 PSPermGen       total 21504K, used 7292K [0x00000000c1a00000, 0x00000000c2f00000, 0x00000000cc000000)
  object space 21504K, 33% used [0x00000000c1a00000,0x00000000c211f040,0x00000000c2f00000)
Event: 3,382 GC heap after
Heap after GC invocations=7 (full 0):
 PSYoungGen      total 112640K, used 128K [0x00000000eea80000, 0x00000000fc780000, 0x0000000100000000)
  eden space 110592K, 0% used [0x00000000eea80000,0x00000000eea80000,0x00000000f5680000)
  from space 2048K, 6% used [0x00000000f5680000,0x00000000f56a0000,0x00000000f5880000)
  to   space 2560K, 0% used [0x00000000fc500000,0x00000000fc500000,0x00000000fc780000)
 ParOldGen       total 35328K, used 1350K [0x00000000cc000000, 0x00000000ce280000, 0x00000000eea80000)
  object space 35328K, 3% used [0x00000000cc000000,0x00000000cc151b70,0x00000000ce280000)
 PSPermGen       total 21504K, used 7292K [0x00000000c1a00000, 0x00000000c2f00000, 0x00000000cc000000)
  object space 21504K, 33% used [0x00000000c1a00000,0x00000000c211f040,0x00000000c2f00000)
}
Event: 3,639 GC heap before
{Heap before GC invocations=8 (full 0):
 PSYoungGen      total 112640K, used 110720K [0x00000000eea80000, 0x00000000fc780000, 0x0000000100000000)
  eden space 110592K, 100% used [0x00000000eea80000,0x00000000f5680000,0x00000000f5680000)
  from space 2048K, 6% used [0x00000000f5680000,0x00000000f56a0000,0x00000000f5880000)
  to   space 2560K, 0% used [0x00000000fc500000,0x00000000fc500000,0x00000000fc780000)
 ParOldGen       total 35328K, used 1350K [0x00000000cc000000, 0x00000000ce280000, 0x00000000eea80000)
  object space 35328K, 3% used [0x00000000cc000000,0x00000000cc151b70,0x00000000ce280000)
 PSPermGen       total 21504K, used 7292K [0x00000000c1a00000, 0x00000000c2f00000, 0x00000000cc000000)
  object space 21504K, 33% used [0x00000000c1a00000,0x00000000c211f040,0x00000000c2f00000)
Event: 3,643 GC heap after
Heap after GC invocations=8 (full 0):
 PSYoungGen      total 223744K, used 128K [0x00000000eea80000, 0x00000000fc780000, 0x0000000100000000)
  eden space 221184K, 0% used [0x00000000eea80000,0x00000000eea80000,0x00000000fc280000)
  from space 2560K, 5% used [0x00000000fc500000,0x00000000fc520000,0x00000000fc780000)
  to   space 2560K, 0% used [0x00000000fc280000,0x00000000fc280000,0x00000000fc500000)
 ParOldGen       total 35328K, used 1366K [0x00000000cc000000, 0x00000000ce280000, 0x00000000eea80000)
  object space 35328K, 3% used [0x00000000cc000000,0x00000000cc155b70,0x00000000ce280000)
 PSPermGen       total 21504K, used 7292K [0x00000000c1a00000, 0x00000000c2f00000, 0x00000000cc000000)
  object space 21504K, 33% used [0x00000000c1a00000,0x00000000c211f040,0x00000000c2f00000)
}
Event: 4,346 GC heap before
{Heap before GC invocations=9 (full 0):
 PSYoungGen      total 223744K, used 221312K [0x00000000eea80000, 0x00000000fc780000, 0x0000000100000000)
  eden space 221184K, 100% used [0x00000000eea80000,0x00000000fc280000,0x00000000fc280000)
  from space 2560K, 5% used [0x00000000fc500000,0x00000000fc520000,0x00000000fc780000)
  to   space 2560K, 0% used [0x00000000fc280000,0x00000000fc280000,0x00000000fc500000)
 ParOldGen       total 35328K, used 1366K [0x00000000cc000000, 0x00000000ce280000, 0x00000000eea80000)
  object space 35328K, 3% used [0x00000000cc000000,0x00000000cc155b70,0x00000000ce280000)
 PSPermGen       total 21504K, used 7292K [0x00000000c1a00000, 0x00000000c2f00000, 0x00000000cc000000)
  object space 21504K, 33% used [0x00000000c1a00000,0x00000000c211f358,0x00000000c2f00000)

